#
# A fatal error has been detected by the Java Runtime Environment:
#
#  SIGSEGV (0xb) at pc=0x000000011f4b4b99, pid=2115, tid=4867
#
# JRE version: Java(TM) SE Runtime Environment (8.0_25-b17) (build 1.8.0_25-b17)
# Java VM: Java HotSpot(TM) 64-Bit Server VM (25.25-b02 mixed mode bsd-amd64 compressed oops)
# Problematic frame:
# C  [libawt_lwawt.dylib+0x44b99]  JNI_OnLoad+0x91
#
# Failed to write core dump. Core dumps have been disabled. To enable core dumping, try "ulimit -c unlimited" before starting Java again
#
# If you would like to submit a bug report, please visit:
#   http://bugreport.sun.com/bugreport/crash.jsp
# The crash happened outside the Java Virtual Machine in native code.
# See problematic frame for where to report the bug.
#

---------------  T H R E A D  ---------------

Current thread (0x00007fe94100b800):  JavaThread "main" [_thread_in_native, id=4867, stack(0x0000000106474000,0x0000000106574000)]

siginfo: si_signo: 11 (SIGSEGV), si_code: 1 (SEGV_MAPERR), si_addr: 0x0000000000000000

Registers:
RAX=0x000000011f5b9870, RBX=0x0000000000000000, RCX=0x000000000000004d, RDX=0x00007fe942831020
RSP=0x00000001065733d0, RBP=0x0000000106573450, RSI=0x00000001065733b4, RDI=0x0000000000000000
R8 =0x00000000fffffff0, R9 =0x0000000000000010, R10=0x00000000000002a0, R11=0x000000011f6a25a1
R12=0x00007fe942a1a470, R13=0x000000011f4b4b08, R14=0x0000000107de40f8, R15=0x00007fe94100b9e8
RIP=0x000000011f4b4b99, EFLAGS=0x0000000000010202, ERR=0x0000000000000004
  TRAPNO=0x000000000000000e

Top of Stack: (sp=0x00000001065733d0)
0x00000001065733d0:   0000000000000000 000000010659fbf1
0x00000001065733e0:   0000000000000000 000000011f4b4b08
0x00000001065733f0:   0000000106573450 00000001065858f1
0x0000000106573400:   00007fe94100b9e8 0000000106573420
0x0000000106573410:   00007fe942a1a470 000000010659fbfc
0x0000000106573420:   000000010659fbf1 330084e6a0c232b5
0x0000000106573430:   0000000000000000 00007fe942a1a470
0x0000000106573440:   0000000106573648 00007fe94100b9e8
0x0000000106573450:   00000001065735b0 0000000106585c49
0x0000000106573460:   0000000106573560 0000000106573640
0x0000000106573470:   00007fe94282e4a0 0000000107de40f8
0x0000000106573480:   00000001065735c0 0000000106573560
0x0000000106573490:   000000011a7464e0 0000000106573560
0x00000001065734a0:   0000000108594be3 000000010856c310
0x00000001065734b0:   0000000000000000 00000001065735c0
0x00000001065734c0:   0000000106573560 000000011a7464e0
0x00000001065734d0:   0000000106573568 000000011a741ff8
0x00000001065734e0:   000000011a741ff8 0000000106573560
0x00000001065734f0:   00007fe94100b800 0000000106573640
0x0000000106573500:   00000001065735d0 0000000000000000
0x0000000106573510:   000000010867db00 0000000000000001
0x0000000106573520:   0000000106573520 000000011a745df8
0x0000000106573530:   0000000106573578 000000011a74ba60
0x0000000106573540:   0000000000000000 000000011a745e10
0x0000000106573550:   0000000000000000 0000000106573570
0x0000000106573560:   0000000000000000 00000007aad57288
0x0000000106573570:   0000000000000000 00000007aab05b28
0x0000000106573580:   330084e6a0c232b5 000000011a7f5c00
0x0000000106573590:   0000000000000000 000000011a7f5c00
0x00000001065735a0:   0000000106573648 00007fe94100b800
0x00000001065735b0:   0000000106573618 0000000108583ba4
0x00000001065735c0:   0000000000000000 00000001065735e0 

Instructions: (pc=0x000000011f4b4b99)
0x000000011f4b4b79:   c0 e8 db 0a 00 00 4c 89 f7 e8 7f 04 00 00 48 c7
0x000000011f4b4b89:   45 80 00 00 00 00 48 8b 05 a2 c8 02 00 48 8b 38
0x000000011f4b4b99:   48 8b 07 48 8d 75 80 ba 04 00 01 00 ff 50 30 85
0x000000011f4b4ba9:   c0 75 07 48 83 7d 80 00 75 53 48 8b 35 ce 4d 03 

Register to memory mapping:

RAX=0x000000011f5b9870: jvm+0 in /Library/Java/JavaVirtualMachines/jdk1.8.0_25.jdk/Contents/Home/jre/lib/./libawt.dylib at 0x000000011f523000
RBX=0x0000000000000000 is an unknown value
RCX=0x000000000000004d is an unknown value
RDX=0x00007fe942831020 is an unknown value
RSP=0x00000001065733d0 is pointing into the stack for thread: 0x00007fe94100b800
RBP=0x0000000106573450 is pointing into the stack for thread: 0x00007fe94100b800
RSI=0x00000001065733b4 is pointing into the stack for thread: 0x00007fe94100b800
RDI=0x0000000000000000 is an unknown value
R8 =0x00000000fffffff0 is an unknown value
R9 =0x0000000000000010 is an unknown value
R10=0x00000000000002a0 is an unknown value
R11=0x000000011f6a25a1: OSXAPP_SetJavaVM+0 in /Library/Java/JavaVirtualMachines/jdk1.8.0_25.jdk/Contents/Home/jre/lib/./libosxapp.dylib at 0x000000011f69e000
R12=0x00007fe942a1a470 is an unknown value
R13=0x000000011f4b4b08: JNI_OnLoad+0 in /Library/Java/JavaVirtualMachines/jdk1.8.0_25.jdk/Contents/Home/jre/lib/./libawt_lwawt.dylib at 0x000000011f470000
R14=0x0000000107de40f8: main_vm+0 in /Library/Java/JavaVirtualMachines/jdk1.8.0_25.jdk/Contents/Home/jre/lib/server/libjvm.dylib at 0x0000000107600000
R15=0x00007fe94100b9e8 is an unknown value


Stack: [0x0000000106474000,0x0000000106574000],  sp=0x00000001065733d0,  free space=1020k
Native frames: (J=compiled Java code, j=interpreted, Vv=VM code, C=native code)
C  [libawt_lwawt.dylib+0x44b99]  JNI_OnLoad+0x91
C  [libjava.dylib+0x1c49]  Java_java_lang_ClassLoader_00024NativeLibrary_load+0xd0
j  java.lang.ClassLoader$NativeLibrary.load(Ljava/lang/String;Z)V+0
j  java.lang.ClassLoader.loadLibrary0(Ljava/lang/Class;Ljava/io/File;)Z+328
j  java.lang.ClassLoader.loadLibrary(Ljava/lang/Class;Ljava/lang/String;Z)V+217
j  java.lang.Runtime.loadLibrary0(Ljava/lang/Class;Ljava/lang/String;)V+54
j  java.lang.System.loadLibrary(Ljava/lang/String;)V+7
j  de.project.visualization.clustering_algorithms.Hello3d.<init>()V+6
j  de.project.visualization.clustering_algorithms.Hello3d.main([Ljava/lang/String;)V+3
v  ~StubRoutines::call_stub
V  [libjvm.dylib+0x2d4516]  JavaCalls::call_helper(JavaValue*, methodHandle*, JavaCallArguments*, Thread*)+0x6ae
V  [libjvm.dylib+0x30958b]  jni_invoke_static(JNIEnv_*, JavaValue*, _jobject*, JNICallType, _jmethodID*, JNI_ArgumentPusher*, Thread*)+0x1bf
V  [libjvm.dylib+0x302785]  jni_CallStaticVoidMethod+0x15d
C  [java+0x2c82]  JavaMain+0x998
C  [libsystem_pthread.dylib+0x405a]  _pthread_body+0x83
C  [libsystem_pthread.dylib+0x3fd7]  _pthread_body+0x0
C  [libsystem_pthread.dylib+0x13ed]  thread_start+0xd
C  0x0000000000000000

Java frames: (J=compiled Java code, j=interpreted, Vv=VM code)
j  java.lang.ClassLoader$NativeLibrary.load(Ljava/lang/String;Z)V+0
j  java.lang.ClassLoader.loadLibrary0(Ljava/lang/Class;Ljava/io/File;)Z+328
j  java.lang.ClassLoader.loadLibrary(Ljava/lang/Class;Ljava/lang/String;Z)V+217
j  java.lang.Runtime.loadLibrary0(Ljava/lang/Class;Ljava/lang/String;)V+54
j  java.lang.System.loadLibrary(Ljava/lang/String;)V+7
j  de.project.visualization.clustering_algorithms.Hello3d.<init>()V+6
j  de.project.visualization.clustering_algorithms.Hello3d.main([Ljava/lang/String;)V+3
v  ~StubRoutines::call_stub

---------------  P R O C E S S  ---------------

Java Threads: ( => current thread )
  0x00007fe94101a000 JavaThread "Service Thread" daemon [_thread_blocked, id=22275, stack(0x000000011f210000,0x000000011f310000)]
  0x00007fe941019000 JavaThread "C1 CompilerThread3" daemon [_thread_blocked, id=21763, stack(0x000000011f10d000,0x000000011f20d000)]
  0x00007fe941018800 JavaThread "C2 CompilerThread2" daemon [_thread_blocked, id=21251, stack(0x000000011f00a000,0x000000011f10a000)]
  0x00007fe941017800 JavaThread "C2 CompilerThread1" daemon [_thread_blocked, id=20739, stack(0x000000011ef07000,0x000000011f007000)]
  0x00007fe941017000 JavaThread "C2 CompilerThread0" daemon [_thread_blocked, id=20227, stack(0x000000011ee04000,0x000000011ef04000)]
  0x00007fe941021000 JavaThread "JDWP Command Reader" daemon [_thread_in_native, id=19715, stack(0x000000011ed01000,0x000000011ee01000)]
  0x00007fe942002000 JavaThread "JDWP Event Helper Thread" daemon [_thread_blocked, id=19203, stack(0x000000011ebfe000,0x000000011ecfe000)]
  0x00007fe943069000 JavaThread "JDWP Transport Listener: dt_socket" daemon [_thread_blocked, id=18691, stack(0x000000011eafb000,0x000000011ebfb000)]
  0x00007fe94380c000 JavaThread "Signal Dispatcher" daemon [_thread_blocked, id=15383, stack(0x000000011e9f1000,0x000000011eaf1000)]
  0x00007fe942000800 JavaThread "Finalizer" daemon [_thread_blocked, id=13571, stack(0x000000011cfe8000,0x000000011d0e8000)]
  0x00007fe943805000 JavaThread "Reference Handler" daemon [_thread_blocked, id=13059, stack(0x000000011cee5000,0x000000011cfe5000)]
=>0x00007fe94100b800 JavaThread "main" [_thread_in_native, id=4867, stack(0x0000000106474000,0x0000000106574000)]

Other Threads:
  0x00007fe943051800 VMThread [stack: 0x000000011cde2000,0x000000011cee2000] [id=12547]
  0x00007fe9430a3000 WatcherThread [stack: 0x000000011f313000,0x000000011f413000] [id=22787]

VM state:not at safepoint (normal execution)

VM Mutex/Monitor currently owned by a thread: None

Heap:
 PSYoungGen      total 18944K, used 2486K [0x00000007aab00000, 0x00000007ac000000, 0x00000007c0000000)
  eden space 16384K, 15% used [0x00000007aab00000,0x00000007aad6d988,0x00000007abb00000)
  from space 2560K, 0% used [0x00000007abd80000,0x00000007abd80000,0x00000007ac000000)
  to   space 2560K, 0% used [0x00000007abb00000,0x00000007abb00000,0x00000007abd80000)
 ParOldGen       total 44032K, used 0K [0x0000000780000000, 0x0000000782b00000, 0x00000007aab00000)
  object space 44032K, 0% used [0x0000000780000000,0x0000000780000000,0x0000000782b00000)
 Metaspace       used 2872K, capacity 4570K, committed 4864K, reserved 1056768K
  class space    used 307K, capacity 390K, committed 512K, reserved 1048576K

Card table byte_map: [0x0000000117927000,0x0000000117b28000] byte_map_base: 0x0000000113d27000

Marking Bits: (ParMarkBitMap*) 0x0000000107e9d390
 Begin Bits: [0x0000000118496000, 0x0000000119496000)
 End Bits:   [0x0000000119496000, 0x000000011a496000)

Polling page: 0x00000001065b8000

CodeCache: size=245760Kb used=1192Kb max_used=1192Kb free=244567Kb
 bounds [0x0000000108567000, 0x00000001087d7000, 0x0000000117567000]
 total_blobs=296 nmethods=69 adapters=150
 compilation: enabled

Compilation events (10 events):
Event: 1.150 Thread 0x00007fe941019000   66       3       java.lang.Character::toLowerCase (9 bytes)
Event: 1.151 Thread 0x00007fe941019000 nmethod 66 0x0000000108690410 code [0x0000000108690580, 0x00000001086907b8]
Event: 1.151 Thread 0x00007fe941019000   67       3       java.lang.CharacterDataLatin1::toLowerCase (39 bytes)
Event: 1.151 Thread 0x00007fe941019000 nmethod 67 0x0000000108690890 code [0x0000000108690a00, 0x0000000108690c90]
Event: 1.151 Thread 0x00007fe941019000   61       3       java.lang.ref.SoftReference::get (29 bytes)
Event: 1.151 Thread 0x00007fe941019000 nmethod 61 0x0000000108690e10 code [0x0000000108690f80, 0x0000000108691170]
Event: 1.151 Thread 0x00007fe941019000   68       1       java.net.URL::getFile (5 bytes)
Event: 1.151 Thread 0x00007fe941019000 nmethod 68 0x0000000108691210 code [0x0000000108691360, 0x0000000108691470]
Event: 1.151 Thread 0x00007fe941019000   69       1       java.util.ArrayList::size (5 bytes)
Event: 1.151 Thread 0x00007fe941019000 nmethod 69 0x00000001086914d0 code [0x0000000108691620, 0x0000000108691730]

GC Heap History (0 events):
No events

Deoptimization events (0 events):
No events

Internal exceptions (10 events):
Event: 1.028 Thread 0x00007fe94100b800 Exception <a 'java/util/zip/ZipException'> (0x00000007aaccb620) thrown at [/HUDSON3/workspace/8-2-build-macosx-x86_64/jdk8u25/1514/hotspot/src/share/vm/prims/jni.cpp, line 716]
Event: 1.028 Thread 0x00007fe94100b800 Exception <a 'java/security/PrivilegedActionException'> (0x00000007aaccb7d0) thrown at [/HUDSON3/workspace/8-2-build-macosx-x86_64/jdk8u25/1514/hotspot/src/share/vm/prims/jvm.cpp, line 1312]
Event: 1.028 Thread 0x00007fe94100b800 Exception <a 'java/security/PrivilegedActionException'> (0x00000007aaccb988) thrown at [/HUDSON3/workspace/8-2-build-macosx-x86_64/jdk8u25/1514/hotspot/src/share/vm/prims/jvm.cpp, line 1312]
Event: 1.043 Thread 0x00007fe94100b800 Exception <a 'java/util/zip/ZipException'> (0x00000007aaccc6b0) thrown at [/HUDSON3/workspace/8-2-build-macosx-x86_64/jdk8u25/1514/hotspot/src/share/vm/prims/jni.cpp, line 716]
Event: 1.043 Thread 0x00007fe94100b800 Exception <a 'java/security/PrivilegedActionException'> (0x00000007aaccc860) thrown at [/HUDSON3/workspace/8-2-build-macosx-x86_64/jdk8u25/1514/hotspot/src/share/vm/prims/jvm.cpp, line 1312]
Event: 1.043 Thread 0x00007fe94100b800 Exception <a 'java/security/PrivilegedActionException'> (0x00000007aaccca18) thrown at [/HUDSON3/workspace/8-2-build-macosx-x86_64/jdk8u25/1514/hotspot/src/share/vm/prims/jvm.cpp, line 1312]
Event: 1.056 Thread 0x00007fe94100b800 Exception <a 'java/util/zip/ZipException'> (0x00000007aacde828) thrown at [/HUDSON3/workspace/8-2-build-macosx-x86_64/jdk8u25/1514/hotspot/src/share/vm/prims/jni.cpp, line 716]
Event: 1.057 Thread 0x00007fe94100b800 Exception <a 'java/security/PrivilegedActionException'> (0x00000007aacde9d8) thrown at [/HUDSON3/workspace/8-2-build-macosx-x86_64/jdk8u25/1514/hotspot/src/share/vm/prims/jvm.cpp, line 1312]
Event: 1.057 Thread 0x00007fe94100b800 Exception <a 'java/security/PrivilegedActionException'> (0x00000007aacdeb90) thrown at [/HUDSON3/workspace/8-2-build-macosx-x86_64/jdk8u25/1514/hotspot/src/share/vm/prims/jvm.cpp, line 1312]
Event: 1.057 Thread 0x00007fe94100b800 Exception <a 'java/security/PrivilegedActionException'> (0x00000007aacdef00) thrown at [/HUDSON3/workspace/8-2-build-macosx-x86_64/jdk8u25/1514/hotspot/src/share/vm/prims/jvm.cpp, line 1312]

Events (10 events):
Event: 1.148 loading class java/util/concurrent/ConcurrentHashMap$ForwardingNode
Event: 1.148 loading class java/util/concurrent/ConcurrentHashMap$ForwardingNode done
Event: 1.148 loading class javax/media/j3d/SceneGraphObject
Event: 1.148 loading class javax/media/j3d/SceneGraphObject done
Event: 1.148 loading class com/sun/j3d/utils/geometry/ColorCube
Event: 1.148 loading class com/sun/j3d/utils/geometry/ColorCube done
Event: 1.149 loading class javax/media/j3d/Shape3D
Event: 1.149 loading class javax/media/j3d/Shape3D done
Event: 1.149 loading class javax/media/j3d/Leaf
Event: 1.149 loading class javax/media/j3d/Leaf done


Dynamic libraries:
0x000000000ca35000 	/System/Library/Frameworks/Cocoa.framework/Versions/A/Cocoa
0x000000000ca35000 	/System/Library/Frameworks/Security.framework/Versions/A/Security
0x000000000ca35000 	/System/Library/Frameworks/ApplicationServices.framework/Versions/A/ApplicationServices
0x000000000ca35000 	/usr/lib/libz.1.dylib
0x000000000ca35000 	/usr/lib/libSystem.B.dylib
0x000000000ca35000 	/usr/lib/libobjc.A.dylib
0x000000000ca35000 	/System/Library/Frameworks/CoreFoundation.framework/Versions/A/CoreFoundation
0x000000000ca35000 	/System/Library/Frameworks/Foundation.framework/Versions/C/Foundation
0x000000000ca35000 	/System/Library/Frameworks/AppKit.framework/Versions/C/AppKit
0x000000000ca35000 	/System/Library/Frameworks/CoreData.framework/Versions/A/CoreData
0x000000000ca35000 	/System/Library/PrivateFrameworks/RemoteViewServices.framework/Versions/A/RemoteViewServices
0x000000000ca35000 	/System/Library/PrivateFrameworks/UIFoundation.framework/Versions/A/UIFoundation
0x000000000ca35000 	/System/Library/Frameworks/IOSurface.framework/Versions/A/IOSurface
0x000000000ca35000 	/System/Library/Frameworks/AudioToolbox.framework/Versions/A/AudioToolbox
0x000000000ca35000 	/System/Library/Frameworks/AudioUnit.framework/Versions/A/AudioUnit
0x000000000ca35000 	/System/Library/PrivateFrameworks/DataDetectorsCore.framework/Versions/A/DataDetectorsCore
0x000000000ca35000 	/System/Library/PrivateFrameworks/DesktopServicesPriv.framework/Versions/A/DesktopServicesPriv
0x000000000ca35000 	/System/Library/Frameworks/Carbon.framework/Versions/A/Frameworks/HIToolbox.framework/Versions/A/HIToolbox
0x000000000ca35000 	/System/Library/Frameworks/QuartzCore.framework/Versions/A/QuartzCore
0x000000000ca35000 	/System/Library/Frameworks/Carbon.framework/Versions/A/Frameworks/SpeechRecognition.framework/Versions/A/SpeechRecognition
0x000000000ca35000 	/usr/lib/libauto.dylib
0x000000000ca35000 	/usr/lib/libicucore.A.dylib
0x000000000ca35000 	/usr/lib/libxml2.2.dylib
0x000000000ca35000 	/System/Library/PrivateFrameworks/CoreUI.framework/Versions/A/CoreUI
0x000000000ca35000 	/System/Library/Frameworks/CoreAudio.framework/Versions/A/CoreAudio
0x000000000ca35000 	/System/Library/Frameworks/DiskArbitration.framework/Versions/A/DiskArbitration
0x000000000ca35000 	/usr/lib/liblangid.dylib
0x000000000ca35000 	/System/Library/PrivateFrameworks/MultitouchSupport.framework/Versions/A/MultitouchSupport
0x000000000ca35000 	/System/Library/Frameworks/IOKit.framework/Versions/A/IOKit
0x000000000ca35000 	/usr/lib/libDiagnosticMessagesClient.dylib
0x000000000ca35000 	/System/Library/Frameworks/CoreServices.framework/Versions/A/CoreServices
0x000000000ca35000 	/System/Library/PrivateFrameworks/PerformanceAnalysis.framework/Versions/A/PerformanceAnalysis
0x000000000ca35000 	/System/Library/PrivateFrameworks/GenerationalStorage.framework/Versions/A/GenerationalStorage
0x000000000ca35000 	/System/Library/Frameworks/OpenGL.framework/Versions/A/OpenGL
0x000000000ca35000 	/System/Library/PrivateFrameworks/Sharing.framework/Versions/A/Sharing
0x000000000ca35000 	/System/Library/Frameworks/CoreGraphics.framework/Versions/A/CoreGraphics
0x000000000ca35000 	/System/Library/Frameworks/CoreText.framework/Versions/A/CoreText
0x000000000ca35000 	/System/Library/Frameworks/ImageIO.framework/Versions/A/ImageIO
0x000000000ca35000 	/usr/lib/libextension.dylib
0x000000000ca35000 	/System/Library/PrivateFrameworks/Backup.framework/Versions/A/Backup
0x000000000ca35000 	/usr/lib/libarchive.2.dylib
0x000000000ca35000 	/System/Library/Frameworks/CFNetwork.framework/Versions/A/CFNetwork
0x000000000ca35000 	/System/Library/Frameworks/SystemConfiguration.framework/Versions/A/SystemConfiguration
0x000000000ca35000 	/usr/lib/libCRFSuite.dylib
0x000000000ca35000 	/usr/lib/libc++.1.dylib
0x000000000ca35000 	/usr/lib/libc++abi.dylib
0x000000000ca35000 	/usr/lib/system/libcache.dylib
0x000000000ca35000 	/usr/lib/system/libcommonCrypto.dylib
0x000000000ca35000 	/usr/lib/system/libcompiler_rt.dylib
0x000000000ca35000 	/usr/lib/system/libcopyfile.dylib
0x000000000ca35000 	/usr/lib/system/libcorecrypto.dylib
0x000000000ca35000 	/usr/lib/system/libdispatch.dylib
0x000000000ca35000 	/usr/lib/system/libdyld.dylib
0x000000000ca35000 	/usr/lib/system/libkeymgr.dylib
0x000000000ca35000 	/usr/lib/system/liblaunch.dylib
0x000000000ca35000 	/usr/lib/system/libmacho.dylib
0x000000000ca35000 	/usr/lib/system/libquarantine.dylib
0x000000000ca35000 	/usr/lib/system/libremovefile.dylib
0x000000000ca35000 	/usr/lib/system/libsystem_asl.dylib
0x000000000ca35000 	/usr/lib/system/libsystem_blocks.dylib
0x000000000ca35000 	/usr/lib/system/libsystem_c.dylib
0x000000000ca35000 	/usr/lib/system/libsystem_configuration.dylib
0x000000000ca35000 	/usr/lib/system/libsystem_coreservices.dylib
0x000000000ca35000 	/usr/lib/system/libsystem_coretls.dylib
0x000000000ca35000 	/usr/lib/system/libsystem_dnssd.dylib
0x000000000ca35000 	/usr/lib/system/libsystem_info.dylib
0x000000000ca35000 	/usr/lib/system/libsystem_kernel.dylib
0x000000000ca35000 	/usr/lib/system/libsystem_m.dylib
0x000000000ca35000 	/usr/lib/system/libsystem_malloc.dylib
0x000000000ca35000 	/usr/lib/system/libsystem_network.dylib
0x000000000ca35000 	/usr/lib/system/libsystem_networkextension.dylib
0x000000000ca35000 	/usr/lib/system/libsystem_notify.dylib
0x000000000ca35000 	/usr/lib/system/libsystem_platform.dylib
0x000000000ca35000 	/usr/lib/system/libsystem_pthread.dylib
0x000000000ca35000 	/usr/lib/system/libsystem_sandbox.dylib
0x000000000ca35000 	/usr/lib/system/libsystem_secinit.dylib
0x000000000ca35000 	/usr/lib/system/libsystem_stats.dylib
0x000000000ca35000 	/usr/lib/system/libsystem_trace.dylib
0x000000000ca35000 	/usr/lib/system/libunc.dylib
0x000000000ca35000 	/usr/lib/system/libunwind.dylib
0x000000000ca35000 	/usr/lib/system/libxpc.dylib
0x000000000ca35000 	/usr/lib/libbz2.1.0.dylib
0x000000000ca35000 	/usr/lib/liblzma.5.dylib
0x000000000ca35000 	/usr/lib/libbsm.0.dylib
0x000000000ca35000 	/usr/lib/libsqlite3.dylib
0x000000000ca35000 	/usr/lib/system/libkxld.dylib
0x000000000ca35000 	/usr/lib/libxar.1.dylib
0x000000000ca35000 	/usr/lib/libpam.2.dylib
0x000000000ca35000 	/usr/lib/libOpenScriptingUtil.dylib
0x000000000ca35000 	/System/Library/Frameworks/CoreServices.framework/Versions/A/Frameworks/FSEvents.framework/Versions/A/FSEvents
0x000000000ca35000 	/System/Library/Frameworks/CoreServices.framework/Versions/A/Frameworks/CarbonCore.framework/Versions/A/CarbonCore
0x000000000ca35000 	/System/Library/Frameworks/CoreServices.framework/Versions/A/Frameworks/Metadata.framework/Versions/A/Metadata
0x000000000ca35000 	/System/Library/Frameworks/CoreServices.framework/Versions/A/Frameworks/OSServices.framework/Versions/A/OSServices
0x000000000ca35000 	/System/Library/Frameworks/CoreServices.framework/Versions/A/Frameworks/SearchKit.framework/Versions/A/SearchKit
0x000000000ca35000 	/System/Library/Frameworks/CoreServices.framework/Versions/A/Frameworks/AE.framework/Versions/A/AE
0x000000000ca35000 	/System/Library/Frameworks/CoreServices.framework/Versions/A/Frameworks/LaunchServices.framework/Versions/A/LaunchServices
0x000000000ca35000 	/System/Library/Frameworks/CoreServices.framework/Versions/A/Frameworks/DictionaryServices.framework/Versions/A/DictionaryServices
0x000000000ca35000 	/System/Library/Frameworks/NetFS.framework/Versions/A/NetFS
0x000000000ca35000 	/System/Library/PrivateFrameworks/NetAuth.framework/Versions/A/NetAuth
0x000000000ca35000 	/System/Library/PrivateFrameworks/login.framework/Versions/A/Frameworks/loginsupport.framework/Versions/A/loginsupport
0x000000000ca35000 	/System/Library/PrivateFrameworks/TCC.framework/Versions/A/TCC
0x000000000ca35000 	/usr/lib/libmecabra.dylib
0x000000000ca35000 	/System/Library/Frameworks/ApplicationServices.framework/Versions/A/Frameworks/ATS.framework/Versions/A/ATS
0x000000000ca35000 	/System/Library/Frameworks/ApplicationServices.framework/Versions/A/Frameworks/ColorSync.framework/Versions/A/ColorSync
0x000000000ca35000 	/System/Library/Frameworks/ApplicationServices.framework/Versions/A/Frameworks/HIServices.framework/Versions/A/HIServices
0x000000000ca35000 	/System/Library/Frameworks/ApplicationServices.framework/Versions/A/Frameworks/LangAnalysis.framework/Versions/A/LangAnalysis
0x000000000ca35000 	/System/Library/Frameworks/ApplicationServices.framework/Versions/A/Frameworks/PrintCore.framework/Versions/A/PrintCore
0x000000000ca35000 	/System/Library/Frameworks/ApplicationServices.framework/Versions/A/Frameworks/QD.framework/Versions/A/QD
0x000000000ca35000 	/System/Library/Frameworks/ApplicationServices.framework/Versions/A/Frameworks/SpeechSynthesis.framework/Versions/A/SpeechSynthesis
0x000000000ca35000 	/System/Library/Frameworks/Accelerate.framework/Versions/A/Accelerate
0x000000000ca35000 	/System/Library/Frameworks/Accelerate.framework/Versions/A/Frameworks/vImage.framework/Versions/A/vImage
0x000000000ca35000 	/System/Library/Frameworks/Accelerate.framework/Versions/A/Frameworks/vecLib.framework/Versions/A/vecLib
0x000000000ca35000 	/System/Library/Frameworks/Accelerate.framework/Versions/A/Frameworks/vecLib.framework/Versions/A/libvDSP.dylib
0x000000000ca35000 	/System/Library/Frameworks/Accelerate.framework/Versions/A/Frameworks/vecLib.framework/Versions/A/libvMisc.dylib
0x000000000ca35000 	/System/Library/Frameworks/Accelerate.framework/Versions/A/Frameworks/vecLib.framework/Versions/A/libLAPACK.dylib
0x000000000ca35000 	/System/Library/Frameworks/Accelerate.framework/Versions/A/Frameworks/vecLib.framework/Versions/A/libBLAS.dylib
0x000000000ca35000 	/System/Library/Frameworks/Accelerate.framework/Versions/A/Frameworks/vecLib.framework/Versions/A/libLinearAlgebra.dylib
0x000000000ca35000 	/System/Library/Frameworks/ApplicationServices.framework/Versions/A/Frameworks/ATS.framework/Versions/A/Resources/libFontParser.dylib
0x000000000ca35000 	/System/Library/Frameworks/ApplicationServices.framework/Versions/A/Frameworks/ATS.framework/Versions/A/Resources/libFontRegistry.dylib
0x000000000ca35000 	/System/Library/PrivateFrameworks/AppleVPA.framework/Versions/A/AppleVPA
0x000000000ca35000 	/System/Library/PrivateFrameworks/AppleJPEG.framework/Versions/A/AppleJPEG
0x000000000ca35000 	/System/Library/Frameworks/ImageIO.framework/Versions/A/Resources/libJPEG.dylib
0x000000000ca35000 	/System/Library/Frameworks/ImageIO.framework/Versions/A/Resources/libTIFF.dylib
0x000000000ca35000 	/System/Library/Frameworks/ImageIO.framework/Versions/A/Resources/libPng.dylib
0x000000000ca35000 	/System/Library/Frameworks/ImageIO.framework/Versions/A/Resources/libGIF.dylib
0x000000000ca35000 	/System/Library/Frameworks/ImageIO.framework/Versions/A/Resources/libJP2.dylib
0x000000000ca35000 	/System/Library/Frameworks/ImageIO.framework/Versions/A/Resources/libRadiance.dylib
0x000000000ca35000 	/System/Library/Frameworks/CoreVideo.framework/Versions/A/CoreVideo
0x000000000ca35000 	/System/Library/Frameworks/OpenGL.framework/Versions/A/Libraries/libGLU.dylib
0x000000000ca35000 	/System/Library/Frameworks/OpenGL.framework/Versions/A/Libraries/libGFXShared.dylib
0x000000000ca35000 	/System/Library/Frameworks/OpenGL.framework/Versions/A/Libraries/libGL.dylib
0x000000000ca35000 	/System/Library/Frameworks/OpenGL.framework/Versions/A/Libraries/libGLImage.dylib
0x000000000ca35000 	/System/Library/Frameworks/OpenGL.framework/Versions/A/Libraries/libCVMSPluginSupport.dylib
0x000000000ca35000 	/System/Library/Frameworks/OpenGL.framework/Versions/A/Libraries/libCoreVMClient.dylib
0x000000000ca35000 	/usr/lib/libcups.2.dylib
0x000000000ca35000 	/System/Library/Frameworks/Kerberos.framework/Versions/A/Kerberos
0x000000000ca35000 	/System/Library/Frameworks/GSS.framework/Versions/A/GSS
0x000000000ca35000 	/usr/lib/libresolv.9.dylib
0x000000000ca35000 	/usr/lib/libiconv.2.dylib
0x000000000ca35000 	/System/Library/PrivateFrameworks/Heimdal.framework/Versions/A/Heimdal
0x000000000ca35000 	/usr/lib/libheimdal-asn1.dylib
0x000000000ca35000 	/System/Library/Frameworks/OpenDirectory.framework/Versions/A/OpenDirectory
0x000000000ca35000 	/System/Library/PrivateFrameworks/CommonAuth.framework/Versions/A/CommonAuth
0x000000000ca35000 	/System/Library/Frameworks/OpenDirectory.framework/Versions/A/Frameworks/CFOpenDirectory.framework/Versions/A/CFOpenDirectory
0x000000000ca35000 	/System/Library/Frameworks/SecurityFoundation.framework/Versions/A/SecurityFoundation
0x000000000ca35000 	/System/Library/PrivateFrameworks/LanguageModeling.framework/Versions/A/LanguageModeling
0x000000000ca35000 	/usr/lib/libcmph.dylib
0x000000000ca35000 	/System/Library/Frameworks/ServiceManagement.framework/Versions/A/ServiceManagement
0x000000000ca35000 	/usr/lib/libxslt.1.dylib
0x000000000ca35000 	/System/Library/Frameworks/Carbon.framework/Versions/A/Frameworks/Ink.framework/Versions/A/Ink
0x000000000ca35000 	/System/Library/Frameworks/QuartzCore.framework/Versions/A/Frameworks/CoreImage.framework/Versions/A/CoreImage
0x000000000ca35000 	/System/Library/PrivateFrameworks/CrashReporterSupport.framework/Versions/A/CrashReporterSupport
0x000000000ca35000 	/System/Library/Frameworks/OpenCL.framework/Versions/A/OpenCL
0x000000000ca35000 	/System/Library/PrivateFrameworks/FaceCore.framework/Versions/A/FaceCore
0x000000000ca35000 	/System/Library/PrivateFrameworks/Ubiquity.framework/Versions/A/Ubiquity
0x000000000ca35000 	/System/Library/PrivateFrameworks/IconServices.framework/Versions/A/IconServices
0x000000000ca35000 	/System/Library/PrivateFrameworks/ChunkingLibrary.framework/Versions/A/ChunkingLibrary
0x000000000ca35000 	/System/Library/PrivateFrameworks/Apple80211.framework/Versions/A/Apple80211
0x000000000ca35000 	/System/Library/Frameworks/CoreWLAN.framework/Versions/A/CoreWLAN
0x000000000ca35000 	/System/Library/Frameworks/IOBluetooth.framework/Versions/A/IOBluetooth
0x000000000ca35000 	/System/Library/PrivateFrameworks/CoreWiFi.framework/Versions/A/CoreWiFi
0x000000000ca35000 	/System/Library/Frameworks/CoreBluetooth.framework/Versions/A/CoreBluetooth
0x000000000ca35000 	/System/Library/PrivateFrameworks/DebugSymbols.framework/Versions/A/DebugSymbols
0x000000000ca35000 	/System/Library/PrivateFrameworks/CoreSymbolication.framework/Versions/A/CoreSymbolication
0x000000000ca35000 	/System/Library/PrivateFrameworks/Symbolication.framework/Versions/A/Symbolication
0x000000000ca35000 	/System/Library/PrivateFrameworks/SpeechRecognitionCore.framework/Versions/A/SpeechRecognitionCore
0x0000000107600000 	/Library/Java/JavaVirtualMachines/jdk1.8.0_25.jdk/Contents/Home/jre/lib/server/libjvm.dylib
0x000000000ca35000 	/usr/lib/libstdc++.6.dylib
0x0000000106576000 	/Library/Java/JavaVirtualMachines/jdk1.8.0_25.jdk/Contents/Home/jre/lib/libverify.dylib
0x0000000106584000 	/Library/Java/JavaVirtualMachines/jdk1.8.0_25.jdk/Contents/Home/jre/lib/libjava.dylib
0x000000010851c000 	/Library/Java/JavaVirtualMachines/jdk1.8.0_25.jdk/Contents/Home/jre/lib/libjdwp.dylib
0x00000001065b9000 	/Library/Java/JavaVirtualMachines/jdk1.8.0_25.jdk/Contents/Home/jre/lib/libnpt.dylib
0x00000001065c6000 	/Library/Java/JavaVirtualMachines/jdk1.8.0_25.jdk/Contents/Home/jre/lib/libzip.dylib
0x00000001065e4000 	/System/Library/Frameworks/JavaVM.framework/Frameworks/JavaRuntimeSupport.framework/JavaRuntimeSupport
0x000000011d0ea000 	/System/Library/Frameworks/JavaVM.framework/Versions/A/Frameworks/JavaNativeFoundation.framework/Versions/A/JavaNativeFoundation
0x000000011d0ff000 	/System/Library/Frameworks/JavaVM.framework/Versions/A/JavaVM
0x000000000ca35000 	/System/Library/Frameworks/Carbon.framework/Versions/A/Carbon
0x000000011d10c000 	/System/Library/PrivateFrameworks/JavaLaunching.framework/Versions/A/JavaLaunching
0x000000000ca35000 	/System/Library/Frameworks/Carbon.framework/Versions/A/Frameworks/CommonPanels.framework/Versions/A/CommonPanels
0x000000000ca35000 	/System/Library/Frameworks/Carbon.framework/Versions/A/Frameworks/Help.framework/Versions/A/Help
0x000000000ca35000 	/System/Library/Frameworks/Carbon.framework/Versions/A/Frameworks/ImageCapture.framework/Versions/A/ImageCapture
0x000000000ca35000 	/System/Library/Frameworks/Carbon.framework/Versions/A/Frameworks/OpenScripting.framework/Versions/A/OpenScripting
0x000000000ca35000 	/System/Library/Frameworks/Carbon.framework/Versions/A/Frameworks/Print.framework/Versions/A/Print
0x000000000ca35000 	/System/Library/Frameworks/Carbon.framework/Versions/A/Frameworks/SecurityHI.framework/Versions/A/SecurityHI
0x000000011eaf3000 	/Library/Java/JavaVirtualMachines/jdk1.8.0_25.jdk/Contents/Home/jre/lib/libdt_socket.dylib
0x000000011f46d000 	/Library/Java/JavaVirtualMachines/jdk1.8.0_25.jdk/Contents/Home/jre/lib/libjawt.dylib
0x000000011f470000 	/Library/Java/JavaVirtualMachines/jdk1.8.0_25.jdk/Contents/Home/jre/lib/./libawt_lwawt.dylib
0x000000011f523000 	/Library/Java/JavaVirtualMachines/jdk1.8.0_25.jdk/Contents/Home/jre/lib/./libawt.dylib
0x000000011f5d2000 	/Library/Java/JavaVirtualMachines/jdk1.8.0_25.jdk/Contents/Home/jre/lib/./libmlib_image.dylib
0x000000011f69e000 	/Library/Java/JavaVirtualMachines/jdk1.8.0_25.jdk/Contents/Home/jre/lib/./libosxapp.dylib
0x000000000ca35000 	/System/Library/Frameworks/ExceptionHandling.framework/Versions/A/ExceptionHandling

VM Arguments:
jvm_args: -agentlib:jdwp=transport=dt_socket,suspend=y,address=localhost:50269 -Dfile.encoding=UTF-8 
java_command: de.project.visualization.clustering_algorithms.Hello3d
java_class_path (initial): /Users/philippanders/Downloads/j3d-1_5_2-macosx/lib/ext/j3dcore.jar:/Users/philippanders/Downloads/j3d-1_5_2-macosx/lib/ext/j3dutils.jar:/Users/philippanders/Downloads/j3d-1_5_2-macosx/lib/ext/vecmath.jar:/Users/philippanders/Documents/workspace/MIMS2/Visualisation/clustering-algorithms/target/classes
Launcher Type: SUN_STANDARD

Environment Variables:
PATH=/usr/bin:/bin:/usr/sbin:/sbin
SHELL=/bin/bash
DISPLAY=/private/tmp/com.apple.launchd.MBAwNQ9yJO/org.macosforge.xquartz:0

Signal Handlers:
SIGSEGV: [libjvm.dylib+0x579dc7], sa_mask[0]=11111111011111110111111111111111, sa_flags=SA_ONSTACK|SA_RESTART|SA_SIGINFO
SIGBUS: [libjvm.dylib+0x579dc7], sa_mask[0]=11111111011111110111111111111111, sa_flags=SA_RESTART|SA_SIGINFO
SIGFPE: [libjvm.dylib+0x45b030], sa_mask[0]=11111111011111110111111111111111, sa_flags=SA_RESTART|SA_SIGINFO
SIGPIPE: [libjvm.dylib+0x45b030], sa_mask[0]=11111111011111110111111111111111, sa_flags=SA_RESTART|SA_SIGINFO
SIGXFSZ: [libjvm.dylib+0x45b030], sa_mask[0]=11111111011111110111111111111111, sa_flags=SA_RESTART|SA_SIGINFO
SIGILL: [libjvm.dylib+0x45b030], sa_mask[0]=11111111011111110111111111111111, sa_flags=SA_RESTART|SA_SIGINFO
SIGUSR1: SIG_DFL, sa_mask[0]=00000000000000000000000000000000, sa_flags=none
SIGUSR2: [libjvm.dylib+0x45ab4e], sa_mask[0]=00100000000000000000000000000000, sa_flags=SA_RESTART|SA_SIGINFO
SIGHUP: [libjvm.dylib+0x459121], sa_mask[0]=11111111011111110111111111111111, sa_flags=SA_RESTART|SA_SIGINFO
SIGINT: [libjvm.dylib+0x459121], sa_mask[0]=11111111011111110111111111111111, sa_flags=SA_RESTART|SA_SIGINFO
SIGTERM: [libjvm.dylib+0x459121], sa_mask[0]=11111111011111110111111111111111, sa_flags=SA_RESTART|SA_SIGINFO
SIGQUIT: [libjvm.dylib+0x459121], sa_mask[0]=11111111011111110111111111111111, sa_flags=SA_RESTART|SA_SIGINFO


---------------  S Y S T E M  ---------------

OS:Bsduname:Darwin 14.5.0 Darwin Kernel Version 14.5.0: Wed Jul 29 02:26:53 PDT 2015; root:xnu-2782.40.9~1/RELEASE_X86_64 x86_64
rlimit: STACK 8192k, CORE 0k, NPROC 709, NOFILE 10240, AS infinity
load average:1.62 1.43 1.43

CPU:total 8 (4 cores per cpu, 2 threads per core) family 6 model 58 stepping 9, cmov, cx8, fxsr, mmx, sse, sse2, sse3, ssse3, sse4.1, sse4.2, popcnt, avx, aes, clmul, erms, ht, tsc, tscinvbit, tscinv

Memory: 4k page, physical 4194304k(25848k free)

/proc/meminfo:


vm_info: Java HotSpot(TM) 64-Bit Server VM (25.25-b02) for bsd-amd64 JRE (1.8.0_25-b17), built on Sep 17 2014 16:56:50 by "java_re" with gcc 4.2.1 (Based on Apple Inc. build 5658) (LLVM build 2336.11.00)

time: Mon Sep  5 16:05:50 2016
elapsed time: 1 seconds (0d 0h 0m 1s)

